  [1m[36m (1.5ms)[0m  [1mCREATE TABLE "schema_migrations" ("version" varchar NOT NULL) [0m
  [1m[35m (0.2ms)[0m  select sqlite_version(*)
  [1m[36m (1.3ms)[0m  [1mCREATE UNIQUE INDEX "unique_schema_migrations" ON "schema_migrations" ("version")[0m
  [1m[35mActiveRecord::SchemaMigration Load (0.1ms)[0m  SELECT "schema_migrations".* FROM "schema_migrations"


Started GET "/" for ::1 at 2015-11-24 10:09:45 -0600
Processing by Rails::WelcomeController#index as HTML
  Rendered /Users/admin/.rvm/gems/ruby-2.1.2/gems/railties-4.2.3/lib/rails/templates/rails/welcome/index.html.erb (2.6ms)
Completed 200 OK in 27ms (Views: 18.3ms | ActiveRecord: 0.0ms)
  [1m[36mActiveRecord::SchemaMigration Load (0.1ms)[0m  [1mSELECT "schema_migrations".* FROM "schema_migrations"[0m
Migrating to CreateCoupons (20151124163640)
  [1m[35m (0.1ms)[0m  begin transaction
  [1m[36m (0.5ms)[0m  [1mCREATE TABLE "coupons" ("id" INTEGER PRIMARY KEY AUTOINCREMENT NOT NULL, "coupon_code" varchar, "store" varchar, "created_at" datetime NOT NULL, "updated_at" datetime NOT NULL) [0m
  [1m[35mSQL (0.3ms)[0m  INSERT INTO "schema_migrations" ("version") VALUES (?)  [["version", "20151124163640"]]
  [1m[36m (2.7ms)[0m  [1mcommit transaction[0m
  [1m[35mActiveRecord::SchemaMigration Load (0.1ms)[0m  SELECT "schema_migrations".* FROM "schema_migrations"


Started GET "/coupons" for ::1 at 2015-11-24 10:46:18 -0600
  [1m[36mActiveRecord::SchemaMigration Load (0.1ms)[0m  [1mSELECT "schema_migrations".* FROM "schema_migrations"[0m
Processing by CouponsController#index as HTML
  [1m[35mCoupon Load (0.1ms)[0m  SELECT "coupons".* FROM "coupons"
  Rendered coupons/index.html.erb within layouts/application (2.5ms)
Completed 200 OK in 694ms (Views: 686.3ms | ActiveRecord: 0.2ms)


Started GET "/coupons/new" for ::1 at 2015-11-24 10:46:21 -0600
Processing by CouponsController#new as HTML
  Rendered coupons/new.html.erb within layouts/application (1.1ms)
Completed 200 OK in 19ms (Views: 17.9ms | ActiveRecord: 0.0ms)


Started POST "/coupons" for ::1 at 2015-11-24 10:46:25 -0600
Processing by CouponsController#create as HTML
  Parameters: {"utf8"=>"✓", "authenticity_token"=>"9faVFOPiTY0EnA9tPePyDSMnLIltYOJyzDN8NnvT5Rn2gHzL/sV3efM7t037vJfm1YnLDzF42QIHdhvFiTokLg==", "coupon_code"=>"xxxx", "store"=>"ssss", "commit"=>"Submit Coupon"}
  [1m[36m (0.1ms)[0m  [1mbegin transaction[0m
  [1m[35mSQL (0.3ms)[0m  INSERT INTO "coupons" ("coupon_code", "store", "created_at", "updated_at") VALUES (?, ?, ?, ?)  [["coupon_code", "xxxx"], ["store", "ssss"], ["created_at", "2015-11-24 16:46:25.494261"], ["updated_at", "2015-11-24 16:46:25.494261"]]
  [1m[36m (1.1ms)[0m  [1mcommit transaction[0m
Redirected to http://localhost:3000/coupons/1
Completed 302 Found in 11ms (ActiveRecord: 1.7ms)


Started GET "/coupons/1" for ::1 at 2015-11-24 10:46:25 -0600
Processing by CouponsController#show as HTML
  Parameters: {"id"=>"1"}
  [1m[35mCoupon Load (0.2ms)[0m  SELECT  "coupons".* FROM "coupons" WHERE "coupons"."id" = ? LIMIT 1  [["id", 1]]
  Rendered coupons/show.html.erb within layouts/application (0.4ms)
Completed 200 OK in 27ms (Views: 18.5ms | ActiveRecord: 0.2ms)


Started GET "/coupons/new" for ::1 at 2015-11-24 10:46:30 -0600
Processing by CouponsController#new as HTML
  Rendered coupons/new.html.erb within layouts/application (0.3ms)
Completed 200 OK in 16ms (Views: 15.7ms | ActiveRecord: 0.0ms)


Started POST "/coupons" for ::1 at 2015-11-24 10:46:34 -0600
Processing by CouponsController#create as HTML
  Parameters: {"utf8"=>"✓", "authenticity_token"=>"ehyCsf1SOVT8KQhgO/Dwr7H3/x81Wj4+cL7rSsACdE95amtu4HUDoAuOsED9r5VER1kYmWlCBU67+4y5Muu1eA==", "coupon_code"=>"bvbvbv", "store"=>"dd", "commit"=>"Submit Coupon"}
  [1m[36m (0.0ms)[0m  [1mbegin transaction[0m
  [1m[35mSQL (0.2ms)[0m  INSERT INTO "coupons" ("coupon_code", "store", "created_at", "updated_at") VALUES (?, ?, ?, ?)  [["coupon_code", "bvbvbv"], ["store", "dd"], ["created_at", "2015-11-24 16:46:34.227871"], ["updated_at", "2015-11-24 16:46:34.227871"]]
  [1m[36m (1.1ms)[0m  [1mcommit transaction[0m
Redirected to http://localhost:3000/coupons/2
Completed 302 Found in 3ms (ActiveRecord: 1.4ms)


Started GET "/coupons/2" for ::1 at 2015-11-24 10:46:34 -0600
Processing by CouponsController#show as HTML
  Parameters: {"id"=>"2"}
  [1m[35mCoupon Load (0.1ms)[0m  SELECT  "coupons".* FROM "coupons" WHERE "coupons"."id" = ? LIMIT 1  [["id", 2]]
  Rendered coupons/show.html.erb within layouts/application (0.1ms)
Completed 200 OK in 16ms (Views: 14.8ms | ActiveRecord: 0.1ms)


Started GET "/coupons" for ::1 at 2015-11-24 10:46:37 -0600
Processing by CouponsController#index as HTML
  [1m[36mCoupon Load (0.1ms)[0m  [1mSELECT "coupons".* FROM "coupons"[0m
  Rendered coupons/index.html.erb within layouts/application (0.6ms)
Completed 200 OK in 16ms (Views: 15.4ms | ActiveRecord: 0.1ms)


Started GET "/coupons/2" for ::1 at 2015-11-24 10:46:39 -0600
Processing by CouponsController#show as HTML
  Parameters: {"id"=>"2"}
  [1m[35mCoupon Load (0.1ms)[0m  SELECT  "coupons".* FROM "coupons" WHERE "coupons"."id" = ? LIMIT 1  [["id", 2]]
  Rendered coupons/show.html.erb within layouts/application (0.3ms)
Completed 200 OK in 15ms (Views: 13.9ms | ActiveRecord: 0.1ms)
